<?xml version="1.0" encoding="UTF-8" ?>
<log-analysis>
    <server>
        <port>9090</port>
    </server>

    <mongodb>
        <host>192.168.56.101</host>
    </mongodb>

    <analysis-worker>
        <script-exec>${perl.path}</script-exec>
        <log-script>${loganalysis.home}/script/loganalysis.pl</log-script>
        <err-script>${loganalysis.home}/script/erranalysis.pl</err-script>
        <rec-level>1</rec-level>
        <report-path>${loganalysis.home}/report</report-path>
        <thread-pool-size>5</thread-pool-size>
    </analysis-worker>

    <profile name="resin1">
        <log-format>%host %other %other %time1 %methodurl %code %cost %bytesd %otherquot %otherquot</log-format>
        <log-separator>" "</log-separator>
        <log-costunit>us</log-costunit>
    </profile>

    <profile name="resin2">
        <log-format>%host %other %other %time1 %methodurl %code %bytesd %otherquot %otherquot %costquot</log-format>
        <log-separator>" "</log-separator>
        <log-costunit>s</log-costunit>
    </profile>

    <profile name="resin3">
        <log-format>%host %other %other %time1 %methodurl %code %cost %bytesd %otherquot %otherquot %otherquot</log-format>
        <log-separator>" "</log-separator>
        <log-costunit>us</log-costunit>
    </profile>

    <profile name="apache">
        <log-format>%host %other %other %time1 %methodurl %code %cost %bytesd %otherquot %otherquot</log-format>
        <log-separator>" "</log-separator>
        <log-costunit>us</log-costunit>
    </profile>

    <profile name="nginx1">
        <log-format>%host %other %other %time1 %methodurl %code %bytesd %refererquot %otherquot %otherquot%otherquot %otherquot %otherquot %otherquot %costquot</log-format>
        <log-separator>" "</log-separator>
        <log-costunit>s</log-costunit>
    </profile>

    <profile name="nginx2">
        <log-format>%host %other %other %time1 %methodurl %code %bytesd %refererquot %otherquot %otherquot%otherquot %otherquot%otherquot %otherquot %otherquot %costquot</log-format>
        <log-separator>" "</log-separator>
        <log-costunit>s</log-costunit>
    </profile>

    <profile name="nginx3">
        <log-format>%host %other %other %time1 %methodurl %code %bytesd %refererquot %otherquot %otherquot%otherquot %otherquot %otherquot %otherquot %otherquot %costquot</log-format>
        <log-separator>" "</log-separator>
        <log-costunit>s</log-costunit>
    </profile>

    <profile name="nginx4">
        <log-format>%host %other %other %time1 %methodurl %code %bytesd %refererquot %otherquot %otherquot %otherquot %otherquot %otherquot %otherquot %costquot</log-format>
        <log-separator>" "</log-separator>
        <log-costunit>s</log-costunit>
    </profile>

    <log-config name="resin1-resinlog" profile="resin1" parent-path="D:/mydoc/work/loganalisys/log/resinlog">

        <log dir="64_126" file="access.log.${date:yyyyMMdd}" err-file-pattern="stderr-${date:yyyy_MM_dd}.log*" memo="64_126" />
    </log-config>

</log-analysis>
